

Microchip MPLAB XC8 Assembler V2.10 build 88905656 
<<<<<<< Updated upstream
                                                                                               Sat Feb 01 19:37:21 2020
=======
                                                                                               Sun Feb 02 22:47:43 2020
>>>>>>> Stashed changes

Microchip MPLAB XC8 C Compiler v2.10 (Free license) build 20190730164152 Og1 
     1                           	processor	16F887
     2                           	opt	pw 120
     3                           	opt	flic
     4                           	psect	cinit,global,class=CODE,merge=1,delta=2
     5                           	psect	cstackCOMMON,global,class=COMMON,space=1,delta=1
     6                           	psect	maintext,global,class=CODE,split=1,delta=2
     7                           	dabs	1,0x7E,2
     8  0000                     
     9                           ; Version 2.10
    10                           ; Generated 31/07/2019 GMT
    11                           ; 
    12                           ; Copyright © 2019, Microchip Technology Inc. and its subsidiaries ("Microchip")
    13                           ; All rights reserved.
    14                           ; 
    15                           ; This software is developed by Microchip Technology Inc. and its subsidiaries ("Microch
      +                          ip").
    16                           ; 
    17                           ; Redistribution and use in source and binary forms, with or without modification, are
    18                           ; permitted provided that the following conditions are met:
    19                           ; 
    20                           ;     1. Redistributions of source code must retain the above copyright notice, this lis
      +                          t of
    21                           ;        conditions and the following disclaimer.
    22                           ; 
    23                           ;     2. Redistributions in binary form must reproduce the above copyright notice, this 
      +                          list
    24                           ;        of conditions and the following disclaimer in the documentation and/or other
    25                           ;        materials provided with the distribution.
    26                           ; 
    27                           ;     3. Microchip's name may not be used to endorse or promote products derived from th
      +                          is
    28                           ;        software without specific prior written permission.
    29                           ; 
    30                           ; THIS SOFTWARE IS PROVIDED BY MICROCHIP "AS IS" AND ANY EXPRESS OR IMPLIED WARRANTIES,
    31                           ; INCLUDING, BUT NOT LIMITED TO, THE IMPLIED WARRANTIES OF MERCHANTABILITY AND FITNESS F
      +                          OR
    32                           ; PURPOSE ARE DISCLAIMED.  IN NO EVENT SHALL MICROCHIP BE LIABLE FOR ANY DIRECT, INDIREC
      +                          T,
    33                           ; INCIDENTAL, SPECIAL, EXEMPLARY, OR CONSEQUENTIAL DAMAGES (INCLUDING BUT NOT LIMITED TO
    34                           ; PROCUREMENT OF SUBSTITUTE GOODS OR SERVICES; LOSS OF USE, DATA OR PROFITS; OR BUSINESS
    35                           ; INTERRUPTION) HOWSOEVER CAUSED AND ON ANY THEORY OF LIABILITY, WHETHER IN CONTRACT, ST
      +                          RICT
    36                           ; LIABILITY, OR TORT (INCLUDING NEGLIGENCE OR OTHERWISE) ARISING IN ANY WAY OUT OF THE U
      +                          SE OF
<<<<<<< Updated upstream
    37                           ; THIS SOFTWARE, EVEN IF ADVISED OF THE POSSIBILITY OF SUCH DAMAGE.
    38                           ; 
    39                           ; 
    40                           ; Code-generator required, PIC16F887 Definitions
    41                           ; 
    42                           ; SFR Addresses
    43  0000                     	;# 
    44  0001                     	;# 
    45  0002                     	;# 
    46  0003                     	;# 
    47  0004                     	;# 
    48  0005                     	;# 
    49  0006                     	;# 
    50  0007                     	;# 
    51  0008                     	;# 
    52  0009                     	;# 
    53  000A                     	;# 
    54  000B                     	;# 
    55  000C                     	;# 
    56  000D                     	;# 
    57  000E                     	;# 
    58  000E                     	;# 
    59  000F                     	;# 
    60  0010                     	;# 
    61  0011                     	;# 
    62  0012                     	;# 
    63  0013                     	;# 
    64  0014                     	;# 
    65  0015                     	;# 
    66  0015                     	;# 
    67  0016                     	;# 
    68  0017                     	;# 
    69  0018                     	;# 
    70  0019                     	;# 
    71  001A                     	;# 
    72  001B                     	;# 
    73  001B                     	;# 
    74  001C                     	;# 
    75  001D                     	;# 
    76  001E                     	;# 
    77  001F                     	;# 
    78  0081                     	;# 
    79  0085                     	;# 
    80  0086                     	;# 
    81  0087                     	;# 
    82  0088                     	;# 
    83  0089                     	;# 
    84  008C                     	;# 
    85  008D                     	;# 
    86  008E                     	;# 
    87  008F                     	;# 
    88  0090                     	;# 
    89  0091                     	;# 
    90  0092                     	;# 
    91  0093                     	;# 
    92  0093                     	;# 
    93  0093                     	;# 
    94  0094                     	;# 
    95  0095                     	;# 
    96  0096                     	;# 
    97  0097                     	;# 
    98  0098                     	;# 
    99  0099                     	;# 
   100  009A                     	;# 
   101  009B                     	;# 
   102  009C                     	;# 
   103  009D                     	;# 
   104  009E                     	;# 
   105  009F                     	;# 
   106  0105                     	;# 
   107  0107                     	;# 
   108  0108                     	;# 
   109  0109                     	;# 
   110  010C                     	;# 
   111  010C                     	;# 
   112  010D                     	;# 
   113  010E                     	;# 
   114  010F                     	;# 
   115  0185                     	;# 
   116  0187                     	;# 
   117  0188                     	;# 
   118  0189                     	;# 
   119  018C                     	;# 
   120  018D                     	;# 
   121  0000                     	;# 
   122  0001                     	;# 
   123  0002                     	;# 
   124  0003                     	;# 
   125  0004                     	;# 
   126  0005                     	;# 
   127  0006                     	;# 
   128  0007                     	;# 
   129  0008                     	;# 
   130  0009                     	;# 
   131  000A                     	;# 
   132  000B                     	;# 
   133  000C                     	;# 
   134  000D                     	;# 
   135  000E                     	;# 
   136  000E                     	;# 
   137  000F                     	;# 
   138  0010                     	;# 
   139  0011                     	;# 
   140  0012                     	;# 
   141  0013                     	;# 
   142  0014                     	;# 
   143  0015                     	;# 
   144  0015                     	;# 
   145  0016                     	;# 
   146  0017                     	;# 
   147  0018                     	;# 
   148  0019                     	;# 
   149  001A                     	;# 
   150  001B                     	;# 
   151  001B                     	;# 
   152  001C                     	;# 
   153  001D                     	;# 
   154  001E                     	;# 
   155  001F                     	;# 
   156  0081                     	;# 
   157  0085                     	;# 
   158  0086                     	;# 
   159  0087                     	;# 
   160  0088                     	;# 
   161  0089                     	;# 
   162  008C                     	;# 
   163  008D                     	;# 
   164  008E                     	;# 
   165  008F                     	;# 
   166  0090                     	;# 
   167  0091                     	;# 
   168  0092                     	;# 
   169  0093                     	;# 
   170  0093                     	;# 
   171  0093                     	;# 
   172  0094                     	;# 
   173  0095                     	;# 
   174  0096                     	;# 
   175  0097                     	;# 
   176  0098                     	;# 
   177  0099                     	;# 
   178  009A                     	;# 
   179  009B                     	;# 
   180  009C                     	;# 
   181  009D                     	;# 
   182  009E                     	;# 
   183  009F                     	;# 
   184  0105                     	;# 
   185  0107                     	;# 
   186  0108                     	;# 
   187  0109                     	;# 
   188  010C                     	;# 
   189  010C                     	;# 
   190  010D                     	;# 
   191  010E                     	;# 
   192  010F                     	;# 
   193  0185                     	;# 
   194  0187                     	;# 
   195  0188                     	;# 
   196  0189                     	;# 
   197  018C                     	;# 
   198  018D                     	;# 
   199  000B                     _INTCON	set	11
   200  0096                     _IOCB	set	150
   201  008D                     _PIE2	set	141
   202  008C                     _PIE1	set	140
   203  008F                     _OSCCON	set	143
   204  0089                     _TRISE	set	137
   205  0088                     _TRISD	set	136
   206  0087                     _TRISC	set	135
   207  0086                     _TRISB	set	134
   208  0085                     _TRISA	set	133
   209  0189                     _ANSELH	set	393
   210  0188                     _ANSEL	set	392
   211                           
   212                           ; #config settings
   213  0000                     
   214                           	psect	cinit
   215  07FC                     start_initialization:	
   216  07FC                     __initialization:	
   217  07FC                     end_of_initialization:	
   218                           ;End of C runtime variable initialization code
   219                           
   220  07FC                     __end_of__initialization:	
   221  07FC  0183               	clrf	3
   222  07FD  120A  118A  2FDE   	ljmp	_main	;jump to C main() function
   223                           
   224                           	psect	cstackCOMMON
   225  0000                     __pcstackCOMMON:	
   226  0000                     ?_main:	
   227  0000                     ??_main:	
   228                           ; 1 bytes @ 0x0
   229                           
   230                           
   231                           	psect	maintext
   232  07DE                     __pmaintext:	
   233                           ; 1 bytes @ 0x0
   234 ;;
   235 ;;Main: autosize = 0, tempsize = 0, incstack = 0, save=0
   236 ;;
   237 ;; *************** function _main *****************
   238 ;; Defined at:
   239 ;;		line 37 in file "Interrupciones_y_Librerias.c"
   240 ;; Parameters:    Size  Location     Type
   241 ;;		None
   242 ;; Auto vars:     Size  Location     Type
   243 ;;		None
   244 ;; Return value:  Size  Location     Type
   245 ;;                  1    wreg      void 
   246 ;; Registers used:
   247 ;;		wreg, status,2
   248 ;; Tracked objects:
   249 ;;		On entry : B00/0
   250 ;;		On exit  : 0/0
   251 ;;		Unchanged: 0/0
   252 ;; Data sizes:     COMMON   BANK0   BANK1   BANK3   BANK2
   253 ;;      Params:         0       0       0       0       0
   254 ;;      Locals:         0       0       0       0       0
   255 ;;      Temps:          0       0       0       0       0
   256 ;;      Totals:         0       0       0       0       0
   257 ;;Total ram usage:        0 bytes
   258 ;; This function calls:
   259 ;;		Nothing
   260 ;; This function is called by:
   261 ;;		Startup code after reset
   262 ;; This function uses a non-reentrant model
   263 ;;
   264                           
   265                           
   266                           ;psect for function _main
   267  07DE                     _main:	
   268  07DE                     l621:	
   269                           ;incstack = 0
   270                           ; Regs used in _main: [wreg+status,2]
   271                           
   272                           
   273                           ;Interrupciones_y_Librerias.c: 38:      TRISA = 0x01;
   274  07DE  3001               	movlw	1
   275  07DF  1683               	bsf	3,5	;RP0=1, select bank1
   276  07E0  1303               	bcf	3,6	;RP1=0, select bank1
   277  07E1  0085               	movwf	5	;volatile
   278                           
   279                           ;Interrupciones_y_Librerias.c: 39:      TRISB = 0x01;
   280  07E2  3001               	movlw	1
   281  07E3  0086               	movwf	6	;volatile
   282  07E4                     l623:	
   283                           
   284                           ;Interrupciones_y_Librerias.c: 40:      TRISC = 0x00;
   285  07E4  0187               	clrf	7	;volatile
   286  07E5                     l625:	
   287                           
   288                           ;Interrupciones_y_Librerias.c: 41:      TRISD = 0x00;
   289  07E5  0188               	clrf	8	;volatile
   290                           
   291                           ;Interrupciones_y_Librerias.c: 42:      TRISE = 0x01;
   292  07E6  3001               	movlw	1
   293  07E7  0089               	movwf	9	;volatile
   294                           
   295                           ;Interrupciones_y_Librerias.c: 43:      ANSEL = 0x01;
   296  07E8  3001               	movlw	1
   297  07E9  1683               	bsf	3,5	;RP0=1, select bank3
   298  07EA  1703               	bsf	3,6	;RP1=1, select bank3
   299  07EB  0088               	movwf	8	;volatile
   300  07EC                     l627:	
   301                           
   302                           ;Interrupciones_y_Librerias.c: 44:      ANSELH = 0x00;
   303  07EC  0189               	clrf	9	;volatile
   304  07ED                     l629:	
   305                           
   306                           ;Interrupciones_y_Librerias.c: 45:      OSCCON = 0X67;
   307  07ED  3067               	movlw	103
   308  07EE  1683               	bsf	3,5	;RP0=1, select bank1
   309  07EF  1303               	bcf	3,6	;RP1=0, select bank1
   310  07F0  008F               	movwf	15	;volatile
   311  07F1                     l631:	
   312                           
   313                           ;Interrupciones_y_Librerias.c: 46:      INTCON = 0xFF;
   314  07F1  30FF               	movlw	255
   315  07F2  008B               	movwf	11	;volatile
   316  07F3                     l633:	
   317                           
   318                           ;Interrupciones_y_Librerias.c: 47:      PIE1 = 0x40;
   319  07F3  3040               	movlw	64
   320  07F4  008C               	movwf	12	;volatile
   321  07F5                     l635:	
   322                           
   323                           ;Interrupciones_y_Librerias.c: 48:      PIE2 = 0x40;
   324  07F5  3040               	movlw	64
   325  07F6  008D               	movwf	13	;volatile
   326  07F7                     l637:	
   327                           
   328                           ;Interrupciones_y_Librerias.c: 49:      IOCB = 0x03;
   329  07F7  3003               	movlw	3
   330  07F8  0096               	movwf	22	;volatile
   331  07F9                     l29:	
   332  07F9  120A  118A  2800   	ljmp	start
   333  07FC                     __end_of_main:	
   334  007E                     btemp	set	126	;btemp
   335  007E                     wtemp0	set	126
=======
    41                           ; THIS SOFTWARE, EVEN IF ADVISED OF THE POSSIBILITY OF SUCH DAMAGE.
    42                           ; 
    43                           ; 
    44                           ; Code-generator required, PIC16F887 Definitions
    45                           ; 
    46                           ; SFR Addresses
    47  0000                     	;# 
    48  0001                     	;# 
    49  0002                     	;# 
    50  0003                     	;# 
    51  0004                     	;# 
    52  0005                     	;# 
    53  0006                     	;# 
    54  0007                     	;# 
    55  0008                     	;# 
    56  0009                     	;# 
    57  000A                     	;# 
    58  000B                     	;# 
    59  000C                     	;# 
    60  000D                     	;# 
    61  000E                     	;# 
    62  000E                     	;# 
    63  000F                     	;# 
    64  0010                     	;# 
    65  0011                     	;# 
    66  0012                     	;# 
    67  0013                     	;# 
    68  0014                     	;# 
    69  0015                     	;# 
    70  0015                     	;# 
    71  0016                     	;# 
    72  0017                     	;# 
    73  0018                     	;# 
    74  0019                     	;# 
    75  001A                     	;# 
    76  001B                     	;# 
    77  001B                     	;# 
    78  001C                     	;# 
    79  001D                     	;# 
    80  001E                     	;# 
    81  001F                     	;# 
    82  0081                     	;# 
    83  0085                     	;# 
    84  0086                     	;# 
    85  0087                     	;# 
    86  0088                     	;# 
    87  0089                     	;# 
    88  008C                     	;# 
    89  008D                     	;# 
    90  008E                     	;# 
    91  008F                     	;# 
    92  0090                     	;# 
    93  0091                     	;# 
    94  0092                     	;# 
    95  0093                     	;# 
    96  0093                     	;# 
    97  0093                     	;# 
    98  0094                     	;# 
    99  0095                     	;# 
   100  0096                     	;# 
   101  0097                     	;# 
   102  0098                     	;# 
   103  0099                     	;# 
   104  009A                     	;# 
   105  009B                     	;# 
   106  009C                     	;# 
   107  009D                     	;# 
   108  009E                     	;# 
   109  009F                     	;# 
   110  0105                     	;# 
   111  0107                     	;# 
   112  0108                     	;# 
   113  0109                     	;# 
   114  010C                     	;# 
   115  010C                     	;# 
   116  010D                     	;# 
   117  010E                     	;# 
   118  010F                     	;# 
   119  0185                     	;# 
   120  0187                     	;# 
   121  0188                     	;# 
   122  0189                     	;# 
   123  018C                     	;# 
   124  018D                     	;# 
   125  0000                     	;# 
   126  0001                     	;# 
   127  0002                     	;# 
   128  0003                     	;# 
   129  0004                     	;# 
   130  0005                     	;# 
   131  0006                     	;# 
   132  0007                     	;# 
   133  0008                     	;# 
   134  0009                     	;# 
   135  000A                     	;# 
   136  000B                     	;# 
   137  000C                     	;# 
   138  000D                     	;# 
   139  000E                     	;# 
   140  000E                     	;# 
   141  000F                     	;# 
   142  0010                     	;# 
   143  0011                     	;# 
   144  0012                     	;# 
   145  0013                     	;# 
   146  0014                     	;# 
   147  0015                     	;# 
   148  0015                     	;# 
   149  0016                     	;# 
   150  0017                     	;# 
   151  0018                     	;# 
   152  0019                     	;# 
   153  001A                     	;# 
   154  001B                     	;# 
   155  001B                     	;# 
   156  001C                     	;# 
   157  001D                     	;# 
   158  001E                     	;# 
   159  001F                     	;# 
   160  0081                     	;# 
   161  0085                     	;# 
   162  0086                     	;# 
   163  0087                     	;# 
   164  0088                     	;# 
   165  0089                     	;# 
   166  008C                     	;# 
   167  008D                     	;# 
   168  008E                     	;# 
   169  008F                     	;# 
   170  0090                     	;# 
   171  0091                     	;# 
   172  0092                     	;# 
   173  0093                     	;# 
   174  0093                     	;# 
   175  0093                     	;# 
   176  0094                     	;# 
   177  0095                     	;# 
   178  0096                     	;# 
   179  0097                     	;# 
   180  0098                     	;# 
   181  0099                     	;# 
   182  009A                     	;# 
   183  009B                     	;# 
   184  009C                     	;# 
   185  009D                     	;# 
   186  009E                     	;# 
   187  009F                     	;# 
   188  0105                     	;# 
   189  0107                     	;# 
   190  0108                     	;# 
   191  0109                     	;# 
   192  010C                     	;# 
   193  010C                     	;# 
   194  010D                     	;# 
   195  010E                     	;# 
   196  010F                     	;# 
   197  0185                     	;# 
   198  0187                     	;# 
   199  0188                     	;# 
   200  0189                     	;# 
   201  018C                     	;# 
   202  018D                     	;# 
   203  0000                     	;# 
   204  0001                     	;# 
   205  0002                     	;# 
   206  0003                     	;# 
   207  0004                     	;# 
   208  0005                     	;# 
   209  0006                     	;# 
   210  0007                     	;# 
   211  0008                     	;# 
   212  0009                     	;# 
   213  000A                     	;# 
   214  000B                     	;# 
   215  000C                     	;# 
   216  000D                     	;# 
   217  000E                     	;# 
   218  000E                     	;# 
   219  000F                     	;# 
   220  0010                     	;# 
   221  0011                     	;# 
   222  0012                     	;# 
   223  0013                     	;# 
   224  0014                     	;# 
   225  0015                     	;# 
   226  0015                     	;# 
   227  0016                     	;# 
   228  0017                     	;# 
   229  0018                     	;# 
   230  0019                     	;# 
   231  001A                     	;# 
   232  001B                     	;# 
   233  001B                     	;# 
   234  001C                     	;# 
   235  001D                     	;# 
   236  001E                     	;# 
   237  001F                     	;# 
   238  0081                     	;# 
   239  0085                     	;# 
   240  0086                     	;# 
   241  0087                     	;# 
   242  0088                     	;# 
   243  0089                     	;# 
   244  008C                     	;# 
   245  008D                     	;# 
   246  008E                     	;# 
   247  008F                     	;# 
   248  0090                     	;# 
   249  0091                     	;# 
   250  0092                     	;# 
   251  0093                     	;# 
   252  0093                     	;# 
   253  0093                     	;# 
   254  0094                     	;# 
   255  0095                     	;# 
   256  0096                     	;# 
   257  0097                     	;# 
   258  0098                     	;# 
   259  0099                     	;# 
   260  009A                     	;# 
   261  009B                     	;# 
   262  009C                     	;# 
   263  009D                     	;# 
   264  009E                     	;# 
   265  009F                     	;# 
   266  0105                     	;# 
   267  0107                     	;# 
   268  0108                     	;# 
   269  0109                     	;# 
   270  010C                     	;# 
   271  010C                     	;# 
   272  010D                     	;# 
   273  010E                     	;# 
   274  010F                     	;# 
   275  0185                     	;# 
   276  0187                     	;# 
   277  0188                     	;# 
   278  0189                     	;# 
   279  018C                     	;# 
   280  018D                     	;# 
   281  001F                     _ADCON0	set	31
   282  000B                     _INTCON	set	11
   283  0008                     _PORTD	set	8
   284  0006                     _PORTBbits	set	6
   285  000B                     _INTCONbits	set	11
   286  008C                     _PIE1	set	140
   287  009F                     _ADCON1	set	159
   288  0096                     _IOCB	set	150
   289  008F                     _OSCCON	set	143
   290  0089                     _TRISE	set	137
   291  0088                     _TRISD	set	136
   292  0087                     _TRISC	set	135
   293  0086                     _TRISB	set	134
   294  0085                     _TRISA	set	133
   295  0189                     _ANSELH	set	393
   296  0188                     _ANSEL	set	392
   297                           
   298                           ; #config settings
   299  0000                     
   300                           	psect	cinit
   301  000F                     start_initialization:	
   302  000F                     __initialization:	
   303                           
   304                           ; Clear objects allocated to COMMON
   305  000F  01F5               	clrf	__pbssCOMMON& (0+127)
   306  0010  01F6               	clrf	(__pbssCOMMON+1)& (0+127)
   307  0011  01F7               	clrf	(__pbssCOMMON+2)& (0+127)
   308  0012                     end_of_initialization:	
   309                           ;End of C runtime variable initialization code
   310                           
   311  0012                     __end_of__initialization:	
   312  0012  0183               	clrf	3
   313  0013  120A  118A  2863   	ljmp	_main	;jump to C main() function
   314                           
   315                           	psect	bssCOMMON
   316  0075                     __pbssCOMMON:	
   317  0075                     _counter:	
   318  0075                     	ds	1
   319  0076                     _sub_button:	
   320  0076                     	ds	1
   321  0077                     _add_button:	
   322  0077                     	ds	1
   323                           
   324                           	psect	cstackCOMMON
   325  0070                     __pcstackCOMMON:	
   326  0070                     ?_initPorts:	
   327  0070                     ?_ISR:	
   328                           ; 1 bytes @ 0x0
   329                           
   330  0070                     ??_ISR:	
   331                           ; 1 bytes @ 0x0
   332                           
   333  0070                     ?_main:	
   334                           ; 1 bytes @ 0x0
   335                           
   336                           
   337                           ; 1 bytes @ 0x0
   338  0070                     	ds	3
   339  0073                     ??_initPorts:	
   340  0073                     ??_main:	
   341                           ; 1 bytes @ 0x3
   342                           
   343                           
   344                           ; 1 bytes @ 0x3
   345  0073                     	ds	2
   346                           
   347                           	psect	maintext
   348  0063                     __pmaintext:	
   349 ;;
   350 ;;Main: autosize = 0, tempsize = 2, incstack = 0, save=0
   351 ;;
   352 ;; *************** function _main *****************
   353 ;; Defined at:
   354 ;;		line 75 in file "Interrupciones_y_Librerias.c"
   355 ;; Parameters:    Size  Location     Type
   356 ;;		None
   357 ;; Auto vars:     Size  Location     Type
   358 ;;		None
   359 ;; Return value:  Size  Location     Type
   360 ;;                  1    wreg      void 
   361 ;; Registers used:
   362 ;;		wreg, status,2, status,0, pclath, cstack
   363 ;; Tracked objects:
   364 ;;		On entry : B00/0
   365 ;;		On exit  : 0/0
   366 ;;		Unchanged: 0/0
   367 ;; Data sizes:     COMMON   BANK0   BANK1   BANK3   BANK2
   368 ;;      Params:         0       0       0       0       0
   369 ;;      Locals:         0       0       0       0       0
   370 ;;      Temps:          2       0       0       0       0
   371 ;;      Totals:         2       0       0       0       0
   372 ;;Total ram usage:        2 bytes
   373 ;; Hardware stack levels required when called:    2
   374 ;; This function calls:
   375 ;;		_initPorts
   376 ;; This function is called by:
   377 ;;		Startup code after reset
   378 ;; This function uses a non-reentrant model
   379 ;;
   380                           
   381                           
   382                           ;psect for function _main
   383  0063                     _main:	
   384  0063                     l708:	
   385                           ;incstack = 0
   386                           ; Regs used in _main: [wreg+status,2+status,0+pclath+cstack]
   387                           
   388                           
   389                           ;Interrupciones_y_Librerias.c: 78:     initPorts();
   390  0063  120A  118A  204D  120A  118A  	fcall	_initPorts
   391  0068                     l710:	
   392                           
   393                           ;Interrupciones_y_Librerias.c: 81:         _delay((unsigned long)((90)*(8000000/4000.0))
      +                          );
   394  0068  30EA               	movlw	234
   395  0069  00F4               	movwf	??_main+1
   396  006A  30C3               	movlw	195
   397  006B  00F3               	movwf	??_main
   398  006C                     u87:	
   399  006C  0BF3               	decfsz	??_main,f
   400  006D  286C               	goto	u87
   401  006E  0BF4               	decfsz	??_main+1,f
   402  006F  286C               	goto	u87
   403  0070                     l712:	
   404                           
   405                           ;Interrupciones_y_Librerias.c: 82:         PORTD = counter;
   406  0070  0875               	movf	_counter,w
   407  0071  1283               	bcf	3,5	;RP0=0, select bank0
   408  0072  1303               	bcf	3,6	;RP1=0, select bank0
   409  0073  0088               	movwf	8	;volatile
   410  0074  2868               	goto	l710
   411  0075  120A  118A  280C   	ljmp	start
   412  0078                     __end_of_main:	
   413                           
   414                           	psect	text1
   415  004D                     __ptext1:	
   416 ;; *************** function _initPorts *****************
   417 ;; Defined at:
   418 ;;		line 90 in file "Interrupciones_y_Librerias.c"
   419 ;; Parameters:    Size  Location     Type
   420 ;;		None
   421 ;; Auto vars:     Size  Location     Type
   422 ;;		None
   423 ;; Return value:  Size  Location     Type
   424 ;;                  1    wreg      void 
   425 ;; Registers used:
   426 ;;		wreg, status,2
   427 ;; Tracked objects:
   428 ;;		On entry : 0/0
   429 ;;		On exit  : 0/0
   430 ;;		Unchanged: 0/0
   431 ;; Data sizes:     COMMON   BANK0   BANK1   BANK3   BANK2
   432 ;;      Params:         0       0       0       0       0
   433 ;;      Locals:         0       0       0       0       0
   434 ;;      Temps:          0       0       0       0       0
   435 ;;      Totals:         0       0       0       0       0
   436 ;;Total ram usage:        0 bytes
   437 ;; Hardware stack levels used:    1
   438 ;; Hardware stack levels required when called:    1
   439 ;; This function calls:
   440 ;;		Nothing
   441 ;; This function is called by:
   442 ;;		_main
   443 ;; This function uses a non-reentrant model
   444 ;;
   445                           
   446                           
   447                           ;psect for function _initPorts
   448  004D                     _initPorts:	
   449  004D                     l658:	
   450                           ;incstack = 0
   451                           ; Regs used in _initPorts: [wreg+status,2]
   452                           
   453                           
   454                           ;Interrupciones_y_Librerias.c: 91:     TRISA = 0x00;
   455  004D  1683               	bsf	3,5	;RP0=1, select bank1
   456  004E  1303               	bcf	3,6	;RP1=0, select bank1
   457  004F  0185               	clrf	5	;volatile
   458  0050                     l660:	
   459                           
   460                           ;Interrupciones_y_Librerias.c: 92:     TRISB = 0xFF;
   461  0050  30FF               	movlw	255
   462  0051  0086               	movwf	6	;volatile
   463  0052                     l662:	
   464                           
   465                           ;Interrupciones_y_Librerias.c: 93:     TRISC = 0x00;
   466  0052  0187               	clrf	7	;volatile
   467  0053                     l664:	
   468                           
   469                           ;Interrupciones_y_Librerias.c: 94:     TRISD = 0x00;
   470  0053  0188               	clrf	8	;volatile
   471  0054                     l666:	
   472                           
   473                           ;Interrupciones_y_Librerias.c: 95:     TRISE = 0x00;
   474  0054  0189               	clrf	9	;volatile
   475  0055                     l668:	
   476                           
   477                           ;Interrupciones_y_Librerias.c: 96:     ANSEL = 0x00;
   478  0055  1683               	bsf	3,5	;RP0=1, select bank3
   479  0056  1703               	bsf	3,6	;RP1=1, select bank3
   480  0057  0188               	clrf	8	;volatile
   481  0058                     l670:	
   482                           
   483                           ;Interrupciones_y_Librerias.c: 97:     ANSELH = 0x20;
   484  0058  3020               	movlw	32
   485  0059  0089               	movwf	9	;volatile
   486  005A                     l672:	
   487                           
   488                           ;Interrupciones_y_Librerias.c: 98:     OSCCON = 0x77;
   489  005A  3077               	movlw	119
   490  005B  1683               	bsf	3,5	;RP0=1, select bank1
   491  005C  1303               	bcf	3,6	;RP1=0, select bank1
   492  005D  008F               	movwf	15	;volatile
   493  005E                     l674:	
   494                           
   495                           ;Interrupciones_y_Librerias.c: 99:     INTCON = 0xE8;
   496  005E  30E8               	movlw	232
   497  005F  008B               	movwf	11	;volatile
   498  0060                     l676:	
   499                           
   500                           ;Interrupciones_y_Librerias.c: 100:     IOCB = 0x03;
   501  0060  3003               	movlw	3
   502  0061  0096               	movwf	22	;volatile
   503  0062                     l57:	
   504  0062  0008               	return
   505  0063                     __end_of_initPorts:	
   506                           
   507                           	psect	text2
   508  0016                     __ptext2:	
   509 ;; *************** function _ISR *****************
   510 ;; Defined at:
   511 ;;		line 50 in file "Interrupciones_y_Librerias.c"
   512 ;; Parameters:    Size  Location     Type
   513 ;;		None
   514 ;; Auto vars:     Size  Location     Type
   515 ;;		None
   516 ;; Return value:  Size  Location     Type
   517 ;;                  1    wreg      void 
   518 ;; Registers used:
   519 ;;		wreg, status,2, status,0
   520 ;; Tracked objects:
   521 ;;		On entry : 0/0
   522 ;;		On exit  : 0/0
   523 ;;		Unchanged: 0/0
   524 ;; Data sizes:     COMMON   BANK0   BANK1   BANK3   BANK2
   525 ;;      Params:         0       0       0       0       0
   526 ;;      Locals:         0       0       0       0       0
   527 ;;      Temps:          3       0       0       0       0
   528 ;;      Totals:         3       0       0       0       0
   529 ;;Total ram usage:        3 bytes
   530 ;; Hardware stack levels used:    1
   531 ;; This function calls:
   532 ;;		Nothing
   533 ;; This function is called by:
   534 ;;		Interrupt level 1
   535 ;; This function uses a non-reentrant model
   536 ;;
   537                           
   538                           
   539                           ;psect for function _ISR
   540  0016                     _ISR:	
   541  0016                     i1l678:	
   542                           
   543                           ;Interrupciones_y_Librerias.c: 51:     if (INTCONbits.RBIF == 1){
   544  0016  1C0B               	btfss	11,0	;volatile
   545  0017  2819               	goto	u1_21
   546  0018  281A               	goto	u1_20
   547  0019                     u1_21:	
   548  0019  2846               	goto	i1l46
   549  001A                     u1_20:	
   550  001A                     i1l680:	
   551                           
   552                           ;Interrupciones_y_Librerias.c: 52:        if (PORTBbits.RB1 == 1){
   553  001A  1283               	bcf	3,5	;RP0=0, select bank0
   554  001B  1303               	bcf	3,6	;RP1=0, select bank0
   555  001C  1C86               	btfss	6,1	;volatile
   556  001D  281F               	goto	u2_21
   557  001E  2820               	goto	u2_20
   558  001F                     u2_21:	
   559  001F  2823               	goto	i1l684
   560  0020                     u2_20:	
   561  0020                     i1l682:	
   562                           
   563                           ;Interrupciones_y_Librerias.c: 53:             add_button=1;
   564  0020  01F7               	clrf	_add_button
   565  0021  0AF7               	incf	_add_button,f
   566                           
   567                           ;Interrupciones_y_Librerias.c: 54:             INTCONbits.RBIF = 0;
   568  0022  100B               	bcf	11,0	;volatile
   569  0023                     i1l684:	
   570                           
   571                           ;Interrupciones_y_Librerias.c: 56:         if (add_button == 1 && PORTBbits.RB1 == 0){
   572  0023  0377               	decf	_add_button,w
   573  0024  1D03               	btfss	3,2
   574  0025  2827               	goto	u3_21
   575  0026  2828               	goto	u3_20
   576  0027                     u3_21:	
   577  0027  2832               	goto	i1l694
   578  0028                     u3_20:	
   579  0028                     i1l686:	
   580  0028  1886               	btfsc	6,1	;volatile
   581  0029  282B               	goto	u4_21
   582  002A  282C               	goto	u4_20
   583  002B                     u4_21:	
   584  002B  2832               	goto	i1l694
   585  002C                     u4_20:	
   586  002C                     i1l688:	
   587                           
   588                           ;Interrupciones_y_Librerias.c: 57:             add_button = 0;
   589  002C  01F7               	clrf	_add_button
   590  002D                     i1l690:	
   591                           
   592                           ;Interrupciones_y_Librerias.c: 58:             counter++;
   593  002D  3001               	movlw	1
   594  002E  00F0               	movwf	??_ISR
   595  002F  0870               	movf	??_ISR,w
   596  0030  07F5               	addwf	_counter,f
   597  0031                     i1l692:	
   598                           
   599                           ;Interrupciones_y_Librerias.c: 59:             INTCONbits.RBIF = 0;
   600  0031  100B               	bcf	11,0	;volatile
   601  0032                     i1l694:	
   602                           
   603                           ;Interrupciones_y_Librerias.c: 61:         if (PORTBbits.RB2 == 1){
   604  0032  1D06               	btfss	6,2	;volatile
   605  0033  2835               	goto	u5_21
   606  0034  2836               	goto	u5_20
   607  0035                     u5_21:	
   608  0035  2839               	goto	i1l698
   609  0036                     u5_20:	
   610  0036                     i1l696:	
   611                           
   612                           ;Interrupciones_y_Librerias.c: 62:             sub_button=1;
   613  0036  01F6               	clrf	_sub_button
   614  0037  0AF6               	incf	_sub_button,f
   615                           
   616                           ;Interrupciones_y_Librerias.c: 63:             INTCONbits.RBIF = 0;
   617  0038  100B               	bcf	11,0	;volatile
   618  0039                     i1l698:	
   619                           
   620                           ;Interrupciones_y_Librerias.c: 65:         if (sub_button == 1 && PORTBbits.RB2 == 0){
   621  0039  0376               	decf	_sub_button,w
   622  003A  1D03               	btfss	3,2
   623  003B  283D               	goto	u6_21
   624  003C  283E               	goto	u6_20
   625  003D                     u6_21:	
   626  003D  2846               	goto	i1l46
   627  003E                     u6_20:	
   628  003E                     i1l700:	
   629  003E  1906               	btfsc	6,2	;volatile
   630  003F  2841               	goto	u7_21
   631  0040  2842               	goto	u7_20
   632  0041                     u7_21:	
   633  0041  2846               	goto	i1l46
   634  0042                     u7_20:	
   635  0042                     i1l702:	
   636                           
   637                           ;Interrupciones_y_Librerias.c: 66:             sub_button = 0;
   638  0042  01F6               	clrf	_sub_button
   639  0043                     i1l704:	
   640                           
   641                           ;Interrupciones_y_Librerias.c: 67:             counter--;
   642  0043  3001               	movlw	1
   643  0044  02F5               	subwf	_counter,f
   644  0045                     i1l706:	
   645                           
   646                           ;Interrupciones_y_Librerias.c: 68:             INTCONbits.RBIF = 0;
   647  0045  100B               	bcf	11,0	;volatile
   648  0046                     i1l46:	
   649  0046  0872               	movf	??_ISR+2,w
   650  0047  008A               	movwf	10
   651  0048  0E71               	swapf	(??_ISR+1)^(0+4294967168),w
   652  0049  0083               	movwf	3
   653  004A  0EFE               	swapf	btemp,f
   654  004B  0E7E               	swapf	btemp,w
   655  004C  0009               	retfie
   656  004D                     __end_of_ISR:	
   657  007E                     btemp	set	126	;btemp
   658  007E                     wtemp0	set	126
   659                           
   660                           	psect	intentry
   661  0004                     __pintentry:	
   662                           ;incstack = 0
   663                           ; Regs used in _ISR: [wreg+status,2+status,0]
   664                           
   665  0004                     interrupt_function:	
   666  007E                     saved_w	set	btemp
   667  0004  00FE               	movwf	btemp
   668  0005  0E03               	swapf	3,w
   669  0006  00F1               	movwf	??_ISR+1
   670  0007  080A               	movf	10,w
   671  0008  00F2               	movwf	??_ISR+2
   672  0009  120A  118A  2816   	ljmp	_ISR
>>>>>>> Stashed changes


Data Sizes:
    Strings     0
    Constant    0
    Data        0
    BSS         0
    Persistent  0
    Stack       0

Auto Spaces:
    Space          Size  Autos    Used
    COMMON           14      0       0
    BANK0            80      0       0
    BANK1            80      0       0
    BANK3            96      0       0
    BANK2            96      0       0

Pointer List with Targets:

    None.

Critical Paths under _main in COMMON

    None.

Critical Paths under _main in BANK0

    None.

Critical Paths under _main in BANK1

    None.

Critical Paths under _main in BANK3

    None.

Critical Paths under _main in BANK2

    None.

Call Graph Tables:

 ---------------------------------------------------------------------------------
 (Depth) Function   	        Calls       Base Space   Used Autos Params    Refs
 ---------------------------------------------------------------------------------
 (0) _main                                                 0     0      0       0
 ---------------------------------------------------------------------------------
 Estimated maximum stack depth 0
 ---------------------------------------------------------------------------------

 Call Graph Graphs:

 _main (ROOT)

 Address spaces:
Name               Size   Autos  Total    Cost      Usage
BITCOMMON            E      0       0       0        0.0%
EEDATA             100      0       0       0        0.0%
NULL                 0      0       0       0        0.0%
CODE                 0      0       0       0        0.0%
COMMON               E      0       0       1        0.0%
BITSFR0              0      0       0       1        0.0%
SFR0                 0      0       0       1        0.0%
BITSFR1              0      0       0       2        0.0%
SFR1                 0      0       0       2        0.0%
STACK                0      0       0       2        0.0%
ABS                  0      0       0       3        0.0%
BITBANK0            50      0       0       4        0.0%
BITSFR3              0      0       0       4        0.0%
SFR3                 0      0       0       4        0.0%
BANK0               50      0       0       5        0.0%
BITSFR2              0      0       0       5        0.0%
SFR2                 0      0       0       5        0.0%
BITBANK1            50      0       0       6        0.0%
BANK1               50      0       0       7        0.0%
BITBANK3            60      0       0       8        0.0%
BANK3               60      0       0       9        0.0%
BITBANK2            60      0       0      10        0.0%
BANK2               60      0       0      11        0.0%
DATA                 0      0       0      12        0.0%


Microchip Technology PIC Macro Assembler V2.10 build 88905656 
<<<<<<< Updated upstream
Symbol Table                                                                                   Sat Feb 01 19:37:21 2020

            __CFG_CP$OFF 0000                       l29 07F9                      l621 07DE  
                    l631 07F1                      l623 07E4                      l633 07F3  
                    l625 07E5                      l635 07F5                      l627 07EC  
                    l637 07F7                      l629 07ED             __CFG_CPD$OFF 0000  
           __CFG_LVP$OFF 0000                     _IOCB 0096                     _PIE1 008C  
                   _PIE2 008D             __CFG_WRT$OFF 0000                     _main 07DE  
                   btemp 007E                     start 0000            __CFG_IESO$OFF 0000  
                  ?_main 0000            __CFG_WDTE$OFF 0000                    _ANSEL 0188  
                  _TRISA 0085                    _TRISB 0086                    _TRISC 0087  
                  _TRISD 0088                    _TRISE 0089           __CFG_FCMEN$OFF 0000  
         __CFG_BOREN$OFF 0000                    status 0003                    wtemp0 007E  
         __CFG_MCLRE$OFF 0000          __initialization 07FC             __end_of_main 07FC  
                 ??_main 0000                   _ANSELH 0189                   _INTCON 000B  
                 _OSCCON 008F           __CFG_PWRTE$OFF 0000  __end_of__initialization 07FC  
         __pcstackCOMMON 0000               __pmaintext 07DE     end_of_initialization 07FC  
    start_initialization 07FC                ___latbits 0002   __CFG_FOSC$INTRC_CLKOUT 0000  
      __CFG_BOR4V$BOR40V 0000            __size_of_main 001E  
=======
Symbol Table                                                                                   Sun Feb 02 22:47:43 2020

             __CFG_CP$OFF 0000                        l57 0062                        u87 006C  
                     l710 0068                       l712 0070                       l660 0050  
                     l708 0063                       l670 0058                       l662 0052  
                     l672 005A                       l664 0053                       l674 005E  
                     l666 0054                       l658 004D                       l676 0060  
                     l668 0055              __CFG_CPD$OFF 0000                       _ISR 0016  
            __CFG_LVP$OFF 0000                      ?_ISR 0070                      _IOCB 0096  
                    _PIE1 008C                      i1l46 0046                      u1_20 001A  
                    u1_21 0019                      u2_20 0020                      u2_21 001F  
                    u3_20 0028                      u3_21 0027                      u4_20 002C  
                    u4_21 002B                      u5_20 0036                      u5_21 0035  
                    u6_20 003E                      u6_21 003D                      u7_20 0042  
                    u7_21 0041              __CFG_WRT$OFF 0000                      _main 0063  
                    btemp 007E                      start 000C             __CFG_IESO$OFF 0000  
                   ??_ISR 0070                     ?_main 0070             __CFG_WDTE$OFF 0000  
                   _ANSEL 0188                     i1l700 003E                     i1l702 0042  
                   i1l704 0043                     i1l706 0045                     i1l680 001A  
                   i1l690 002D                     i1l682 0020                     i1l692 0031  
                   i1l684 0023                     i1l686 0028                     i1l694 0032  
                   i1l678 0016                     i1l696 0036                     i1l688 002C  
                   i1l698 0039                     _PORTD 0008                     _TRISA 0085  
                   _TRISB 0086                     _TRISC 0087                     _TRISD 0088  
                   _TRISE 0089            __CFG_FCMEN$OFF 0000            __CFG_BOREN$OFF 0000  
                   pclath 000A                     status 0003                     wtemp0 007E  
          __CFG_MCLRE$OFF 0000           __initialization 000F              __end_of_main 0078  
                  ??_main 0073                    _ADCON0 001F                    _ADCON1 009F  
                  _ANSELH 0189                    _INTCON 000B                    _OSCCON 008F  
          __CFG_PWRTE$OFF 0000                    saved_w 007E   __end_of__initialization 0012  
          __pcstackCOMMON 0070                _add_button 0077        __size_of_initPorts 0016  
              __pmaintext 0063                __pintentry 0004                   __ptext1 004D  
                 __ptext2 0016              __size_of_ISR 0037                   _counter 0075  
       __end_of_initPorts 0063      end_of_initialization 0012                 _PORTBbits 0006  
              _sub_button 0076       start_initialization 000F               __end_of_ISR 004D  
__CFG_FOSC$INTRC_NOCLKOUT 0000               __pbssCOMMON 0075                 ___latbits 0002  
               _initPorts 004D         interrupt_function 0004                ?_initPorts 0070  
       __CFG_BOR4V$BOR40V 0000             __size_of_main 0015                _INTCONbits 000B  
             ??_initPorts 0073                  intlevel1 0000  
>>>>>>> Stashed changes
